2026-01-24T22:35:05+0100 INFO [run_id=20260124_213339_#39e076b1 correlation_id=112bad8d36224d4c9558eb31c5d03e5c] Resolved repository root: D:\Git-GitHub\Repositories\07-Portfolio\agentic-elt-data-warehouse
2026-01-24T22:35:05+0100 INFO [run_id=20260124_213339_#39e076b1 correlation_id=112bad8d36224d4c9558eb31c5d03e5c] Using SILVER_RUN_ID=20260124_213339_#39e076b1
ERROR:root:Gold layer builder failed.
Traceback (most recent call last):
  File "D:\Git-GitHub\Repositories\07-Portfolio\agentic-elt-data-warehouse\src\agents\load_3_gold_layer_builder_agent.py", line 315, in <module>
    raise SystemExit(main())
                     ^^^^^^
  File "D:\Git-GitHub\Repositories\07-Portfolio\agentic-elt-data-warehouse\src\agents\load_3_gold_layer_builder_agent.py", line 271, in main
    validate_inputs(
  File "D:\Git-GitHub\Repositories\07-Portfolio\agentic-elt-data-warehouse\src\agents\load_3_gold_layer_builder_agent.py", line 212, in validate_inputs
    raise FileNotFoundError(f"Missing required inputs: {missing_str}")
FileNotFoundError: Missing required inputs: metadata=D:\Git-GitHub\Repositories\07-Portfolio\agentic-elt-data-warehouse\artifacts\silver\20260124_213339_#39e076b1\metadata.yaml, gold_context=D:\Git-GitHub\Repositories\07-Portfolio\agentic-elt-data-warehouse\tmp\draft_reports\gold\20260124_213339_#39e076b1\gold_run_agent_context.json, gold_human_report=D:\Git-GitHub\Repositories\07-Portfolio\agentic-elt-data-warehouse\tmp\draft_reports\gold\20260124_213339_#39e076b1\gold_run_human_report.md
Traceback (most recent call last):
  File "D:\Git-GitHub\Repositories\07-Portfolio\agentic-elt-data-warehouse\src\agents\load_3_gold_layer_builder_agent.py", line 315, in <module>
    raise SystemExit(main())
                     ^^^^^^
  File "D:\Git-GitHub\Repositories\07-Portfolio\agentic-elt-data-warehouse\src\agents\load_3_gold_layer_builder_agent.py", line 271, in main
    validate_inputs(
  File "D:\Git-GitHub\Repositories\07-Portfolio\agentic-elt-data-warehouse\src\agents\load_3_gold_layer_builder_agent.py", line 212, in validate_inputs
    raise FileNotFoundError(f"Missing required inputs: {missing_str}")
FileNotFoundError: Missing required inputs: metadata=D:\Git-GitHub\Repositories\07-Portfolio\agentic-elt-data-warehouse\artifacts\silver\20260124_213339_#39e076b1\metadata.yaml, gold_context=D:\Git-GitHub\Repositories\07-Portfolio\agentic-elt-data-warehouse\tmp\draft_reports\gold\20260124_213339_#39e076b1\gold_run_agent_context.json, gold_human_report=D:\Git-GitHub\Repositories\07-Portfolio\agentic-elt-data-warehouse\tmp\draft_reports\gold\20260124_213339_#39e076b1\gold_run_human_report.md
